<?xml version="1.0" encoding="UTF-8"?>
<!-- Generated by org.testng.reporters.JUnitReportReporter -->
<testsuite skipped="0" hostname="DESKTOP-SLO6VSD" name="sample.InitializeDriver" tests="1" failures="0" timestamp="2020-03-09T15:54:42 PDT" time="12.185" errors="0">
  <testcase name="BrowserInitialize" time="12.185" classname="sample.InitializeDriver"/>
</testsuite> <!-- sample.InitializeDriver -->
